[2023-07-23T16:33:09,894][INFO ][o.e.n.Node               ] [] version[7.17.11], pid[20110], build[unknown/unknown/eeedb98c60326ea3d46caef960fb4c77958fb885/2023-06-23T05:33:12.261262042Z], OS[Mac OS X/13.4.1/aarch64], JVM[Azul Systems, Inc./OpenJDK 64-Bit Server VM/17.0.7/17.0.7+7-LTS]
[2023-07-23T16:33:09,897][INFO ][o.e.n.Node               ] [] JVM home [/Users/joonwookim/Library/Java/JavaVirtualMachines/azul-17.0.7/Contents/Home]
[2023-07-23T16:33:09,900][INFO ][o.e.n.Node               ] [] JVM arguments [-agentlib:jdwp=transport=dt_socket,address=127.0.0.1:62158,suspend=y,server=n, -Des.path.home=/Users/joonwookim/Projects/github/elasticsearch-plugin-template/elasticsearch, -Des.path.conf=/Users/joonwookim/Projects/github/elasticsearch-plugin-template/elasticsearch/config, -Des.logs.base_path=/Users/joonwookim/Projects/github/elasticsearch-plugin-template/elasticsearch/logs, -javaagent:/Users/joonwookim/Library/Caches/JetBrains/IntelliJIdea2023.1/captureAgent/debugger-agent.jar, -Dfile.encoding=UTF-8]
[2023-07-23T16:33:09,967][INFO ][o.e.p.PluginsService     ] [] no modules loaded
[2023-07-23T16:33:09,968][INFO ][o.e.p.PluginsService     ] [] loaded plugin [elasticsearch-plugin-template]
[2023-07-23T16:33:09,984][INFO ][o.e.e.NodeEnvironment    ] [] using [1] data paths, mounts [[/System/Volumes/Data (/dev/disk3s5)]], net usable_space [644gb], net total_space [926.3gb], types [apfs]
[2023-07-23T16:33:09,984][INFO ][o.e.e.NodeEnvironment    ] [] heap size [16gb], compressed ordinary object pointers [true]
[2023-07-23T16:33:10,060][INFO ][o.e.n.Node               ] [] node name [], node ID [uw4c4aOWR7qmiA9S9anXwA], cluster name [elasticsearch], roles [data_frozen, master, remote_cluster_client, data, data_content, data_hot, data_warm, data_cold, ingest]
[2023-07-23T16:33:10,898][ERROR][o.e.b.Bootstrap          ] [] Exception
java.lang.IllegalStateException: Unsupported transport.type []
	at org.elasticsearch.common.network.NetworkModule.getTransportSupplier(NetworkModule.java:241) ~[elasticsearch-7.17.11.jar:7.17.11]
	at org.elasticsearch.node.Node.<init>(Node.java:793) ~[elasticsearch-7.17.11.jar:7.17.11]
	at org.elasticsearch.node.Node.<init>(Node.java:309) ~[elasticsearch-7.17.11.jar:7.17.11]
	at org.elasticsearch.bootstrap.Bootstrap$5.<init>(Bootstrap.java:234) ~[elasticsearch-7.17.11.jar:7.17.11]
	at org.elasticsearch.bootstrap.Bootstrap.setup(Bootstrap.java:234) ~[elasticsearch-7.17.11.jar:7.17.11]
	at org.elasticsearch.bootstrap.Bootstrap.init(Bootstrap.java:434) [elasticsearch-7.17.11.jar:7.17.11]
	at org.elasticsearch.bootstrap.Elasticsearch.init(Elasticsearch.java:169) [elasticsearch-7.17.11.jar:7.17.11]
	at org.elasticsearch.bootstrap.Elasticsearch.execute(Elasticsearch.java:160) [elasticsearch-7.17.11.jar:7.17.11]
	at org.elasticsearch.cli.EnvironmentAwareCommand.execute(EnvironmentAwareCommand.java:77) [elasticsearch-7.17.11.jar:7.17.11]
	at org.elasticsearch.cli.Command.mainWithoutErrorHandling(Command.java:112) [elasticsearch-cli-7.17.11.jar:7.17.11]
	at org.elasticsearch.cli.Command.main(Command.java:77) [elasticsearch-cli-7.17.11.jar:7.17.11]
	at org.elasticsearch.bootstrap.Elasticsearch.main(Elasticsearch.java:125) [elasticsearch-7.17.11.jar:7.17.11]
	at org.elasticsearch.bootstrap.Elasticsearch.main(Elasticsearch.java:80) [elasticsearch-7.17.11.jar:7.17.11]
[2023-07-23T16:33:10,903][ERROR][o.e.b.ElasticsearchUncaughtExceptionHandler] [] uncaught exception in thread [main]
org.elasticsearch.bootstrap.StartupException: java.lang.IllegalStateException: Unsupported transport.type []
	at org.elasticsearch.bootstrap.Elasticsearch.init(Elasticsearch.java:173) ~[elasticsearch-7.17.11.jar:7.17.11]
	at org.elasticsearch.bootstrap.Elasticsearch.execute(Elasticsearch.java:160) ~[elasticsearch-7.17.11.jar:7.17.11]
	at org.elasticsearch.cli.EnvironmentAwareCommand.execute(EnvironmentAwareCommand.java:77) ~[elasticsearch-7.17.11.jar:7.17.11]
	at org.elasticsearch.cli.Command.mainWithoutErrorHandling(Command.java:112) ~[elasticsearch-cli-7.17.11.jar:7.17.11]
	at org.elasticsearch.cli.Command.main(Command.java:77) ~[elasticsearch-cli-7.17.11.jar:7.17.11]
	at org.elasticsearch.bootstrap.Elasticsearch.main(Elasticsearch.java:125) ~[elasticsearch-7.17.11.jar:7.17.11]
	at org.elasticsearch.bootstrap.Elasticsearch.main(Elasticsearch.java:80) ~[elasticsearch-7.17.11.jar:7.17.11]
Caused by: java.lang.IllegalStateException: Unsupported transport.type []
	at org.elasticsearch.common.network.NetworkModule.getTransportSupplier(NetworkModule.java:241) ~[elasticsearch-7.17.11.jar:7.17.11]
	at org.elasticsearch.node.Node.<init>(Node.java:793) ~[elasticsearch-7.17.11.jar:7.17.11]
	at org.elasticsearch.node.Node.<init>(Node.java:309) ~[elasticsearch-7.17.11.jar:7.17.11]
	at org.elasticsearch.bootstrap.Bootstrap$5.<init>(Bootstrap.java:234) ~[elasticsearch-7.17.11.jar:7.17.11]
	at org.elasticsearch.bootstrap.Bootstrap.setup(Bootstrap.java:234) ~[elasticsearch-7.17.11.jar:7.17.11]
	at org.elasticsearch.bootstrap.Bootstrap.init(Bootstrap.java:434) ~[elasticsearch-7.17.11.jar:7.17.11]
	at org.elasticsearch.bootstrap.Elasticsearch.init(Elasticsearch.java:169) ~[elasticsearch-7.17.11.jar:7.17.11]
	... 6 more
[2023-07-23T16:33:56,953][INFO ][o.e.n.Node               ] [] version[7.17.11], pid[20123], build[unknown/unknown/eeedb98c60326ea3d46caef960fb4c77958fb885/2023-06-23T05:33:12.261262042Z], OS[Mac OS X/13.4.1/aarch64], JVM[Azul Systems, Inc./OpenJDK 64-Bit Server VM/17.0.7/17.0.7+7-LTS]
[2023-07-23T16:33:56,957][INFO ][o.e.n.Node               ] [] JVM home [/Users/joonwookim/Library/Java/JavaVirtualMachines/azul-17.0.7/Contents/Home]
[2023-07-23T16:33:56,959][INFO ][o.e.n.Node               ] [] JVM arguments [-agentlib:jdwp=transport=dt_socket,address=127.0.0.1:62164,suspend=y,server=n, -Des.path.home=/Users/joonwookim/Projects/github/elasticsearch-plugin-template/elasticsearch, -Des.path.conf=/Users/joonwookim/Projects/github/elasticsearch-plugin-template/elasticsearch/config, -Des.logs.base_path=/Users/joonwookim/Projects/github/elasticsearch-plugin-template/elasticsearch/logs, -javaagent:/Users/joonwookim/Library/Caches/JetBrains/IntelliJIdea2023.1/captureAgent/debugger-agent.jar, -Dfile.encoding=UTF-8]
[2023-07-23T16:33:57,025][INFO ][o.e.p.PluginsService     ] [] no modules loaded
[2023-07-23T16:33:57,026][INFO ][o.e.p.PluginsService     ] [] loaded plugin [elasticsearch-plugin-template]
[2023-07-23T16:33:57,039][INFO ][o.e.e.NodeEnvironment    ] [] using [1] data paths, mounts [[/System/Volumes/Data (/dev/disk3s5)]], net usable_space [644gb], net total_space [926.3gb], types [apfs]
[2023-07-23T16:33:57,040][INFO ][o.e.e.NodeEnvironment    ] [] heap size [16gb], compressed ordinary object pointers [true]
[2023-07-23T16:33:57,110][INFO ][o.e.n.Node               ] [] node name [], node ID [1k5BgBdgQ-SgSHDV6Yf0DQ], cluster name [elasticsearch], roles [data_frozen, master, remote_cluster_client, data, data_content, data_hot, data_warm, data_cold, ingest]
[2023-07-23T16:33:57,916][ERROR][o.e.b.Bootstrap          ] [] Exception
java.lang.IllegalStateException: Unsupported transport.type []
	at org.elasticsearch.common.network.NetworkModule.getTransportSupplier(NetworkModule.java:241) ~[elasticsearch-7.17.11.jar:7.17.11]
	at org.elasticsearch.node.Node.<init>(Node.java:793) ~[elasticsearch-7.17.11.jar:7.17.11]
	at org.elasticsearch.node.Node.<init>(Node.java:309) ~[elasticsearch-7.17.11.jar:7.17.11]
	at org.elasticsearch.bootstrap.Bootstrap$5.<init>(Bootstrap.java:234) ~[elasticsearch-7.17.11.jar:7.17.11]
	at org.elasticsearch.bootstrap.Bootstrap.setup(Bootstrap.java:234) ~[elasticsearch-7.17.11.jar:7.17.11]
	at org.elasticsearch.bootstrap.Bootstrap.init(Bootstrap.java:434) [elasticsearch-7.17.11.jar:7.17.11]
	at org.elasticsearch.bootstrap.Elasticsearch.init(Elasticsearch.java:169) [elasticsearch-7.17.11.jar:7.17.11]
	at org.elasticsearch.bootstrap.Elasticsearch.execute(Elasticsearch.java:160) [elasticsearch-7.17.11.jar:7.17.11]
	at org.elasticsearch.cli.EnvironmentAwareCommand.execute(EnvironmentAwareCommand.java:77) [elasticsearch-7.17.11.jar:7.17.11]
	at org.elasticsearch.cli.Command.mainWithoutErrorHandling(Command.java:112) [elasticsearch-cli-7.17.11.jar:7.17.11]
	at org.elasticsearch.cli.Command.main(Command.java:77) [elasticsearch-cli-7.17.11.jar:7.17.11]
	at org.elasticsearch.bootstrap.Elasticsearch.main(Elasticsearch.java:125) [elasticsearch-7.17.11.jar:7.17.11]
	at org.elasticsearch.bootstrap.Elasticsearch.main(Elasticsearch.java:80) [elasticsearch-7.17.11.jar:7.17.11]
[2023-07-23T16:33:57,920][ERROR][o.e.b.ElasticsearchUncaughtExceptionHandler] [] uncaught exception in thread [main]
org.elasticsearch.bootstrap.StartupException: java.lang.IllegalStateException: Unsupported transport.type []
	at org.elasticsearch.bootstrap.Elasticsearch.init(Elasticsearch.java:173) ~[elasticsearch-7.17.11.jar:7.17.11]
	at org.elasticsearch.bootstrap.Elasticsearch.execute(Elasticsearch.java:160) ~[elasticsearch-7.17.11.jar:7.17.11]
	at org.elasticsearch.cli.EnvironmentAwareCommand.execute(EnvironmentAwareCommand.java:77) ~[elasticsearch-7.17.11.jar:7.17.11]
	at org.elasticsearch.cli.Command.mainWithoutErrorHandling(Command.java:112) ~[elasticsearch-cli-7.17.11.jar:7.17.11]
	at org.elasticsearch.cli.Command.main(Command.java:77) ~[elasticsearch-cli-7.17.11.jar:7.17.11]
	at org.elasticsearch.bootstrap.Elasticsearch.main(Elasticsearch.java:125) ~[elasticsearch-7.17.11.jar:7.17.11]
	at org.elasticsearch.bootstrap.Elasticsearch.main(Elasticsearch.java:80) ~[elasticsearch-7.17.11.jar:7.17.11]
Caused by: java.lang.IllegalStateException: Unsupported transport.type []
	at org.elasticsearch.common.network.NetworkModule.getTransportSupplier(NetworkModule.java:241) ~[elasticsearch-7.17.11.jar:7.17.11]
	at org.elasticsearch.node.Node.<init>(Node.java:793) ~[elasticsearch-7.17.11.jar:7.17.11]
	at org.elasticsearch.node.Node.<init>(Node.java:309) ~[elasticsearch-7.17.11.jar:7.17.11]
	at org.elasticsearch.bootstrap.Bootstrap$5.<init>(Bootstrap.java:234) ~[elasticsearch-7.17.11.jar:7.17.11]
	at org.elasticsearch.bootstrap.Bootstrap.setup(Bootstrap.java:234) ~[elasticsearch-7.17.11.jar:7.17.11]
	at org.elasticsearch.bootstrap.Bootstrap.init(Bootstrap.java:434) ~[elasticsearch-7.17.11.jar:7.17.11]
	at org.elasticsearch.bootstrap.Elasticsearch.init(Elasticsearch.java:169) ~[elasticsearch-7.17.11.jar:7.17.11]
	... 6 more
